10:41:50.158,PumpControl_SanesLab,46: Connected to pump.
10:41:50.192,PsychTimerStart,247: Experiment started at 13-Aug-2016 10:41
10:41:56.612,initializeCalibration_SanesLab,69: Calibration file is: rig983_Ceiling_Noise_Feb152015.cal
10:42:37.185,ExptDispatch,207: Experiment stopped at 13-Aug-2016 10:42
10:43:27.046,PumpControl_SanesLab,46: Connected to pump.
10:43:27.091,PsychTimerStart,247: Experiment started at 13-Aug-2016 10:43
10:43:34.191,initializeCalibration_SanesLab,69: Calibration file is: rig983_Ceiling_Noise_Feb152015.cal
10:44:14.475,ExptDispatch,207: Experiment stopped at 13-Aug-2016 10:44
10:45:22.948,ExptDispatch,135: Experiment is not using OpenEx
10:45:24.301,PumpControl_SanesLab,46: Connected to pump.
10:45:24.344,PsychTimerStart,247: Experiment started at 13-Aug-2016 10:45
10:45:31.225,initializeCalibration_SanesLab,69: Calibration file is: rig983_Ceiling_Noise_Feb152015.cal
10:45:41.425,ExptDispatch,207: Experiment stopped at 13-Aug-2016 10:45
10:46:11.797,ExptDispatch,135: Experiment is not using OpenEx
10:46:13.135,PumpControl_SanesLab,46: Connected to pump.
10:46:13.167,PsychTimerStart,247: Experiment started at 13-Aug-2016 10:46
10:46:19.490,initializeCalibration_SanesLab,69: Calibration file is: rig983_Ceiling_Noise_Feb152015.cal
10:46:58.552,ExptDispatch,207: Experiment stopped at 13-Aug-2016 10:46
10:47:08.225,ExptDispatch,135: Experiment is not using OpenEx
10:47:09.653,PsychTimerStart,247: Experiment started at 13-Aug-2016 10:47
10:47:31.324,ExptDispatch,207: Experiment stopped at 13-Aug-2016 10:47
10:47:56.878,ExptDispatch,135: Experiment is not using OpenEx
