14:36:05.436,PumpControl_SanesLab,46: Connected to pump.
14:36:05.478,PsychTimerStart,247: Experiment started at 12-Aug-2016 14:36
14:36:16.155,initializeCalibration_SanesLab,69: Calibration file is: rig983_Ceiling_Noise_Feb152015.cal
14:37:52.920,ExptDispatch,207: Experiment stopped at 12-Aug-2016 14:37
14:39:49.563,ExptDispatch,135: Experiment is not using OpenEx
14:39:50.967,PsychTimerStart,247: Experiment started at 12-Aug-2016 14:39
14:40:29.537,ExptDispatch,207: Experiment stopped at 12-Aug-2016 14:40
14:41:23.885,DefineTimerFcns,769: 'Start'   timer function:	ep_TimerFcn_Start_SanesLab_v2	(C:\gits\epsych\UserFiles\SanesLab\Custom_epsych_functions\TimerFcns\ep_TimerFcn_Start_SanesLab_v2.m)

14:41:23.895,DefineTimerFcns,770: 'RunTime' timer function:	ep_TimerFcn_RunTime_SanesLab_v2	(C:\gits\epsych\UserFiles\SanesLab\Custom_epsych_functions\TimerFcns\ep_TimerFcn_RunTime_SanesLab_v2.m)

14:41:23.895,DefineTimerFcns,771: 'Stop'    timer function:	ep_TimerFcn_Stop	(C:\gits\epsych\runtime\timerfcns\ep_TimerFcn_Stop.m)

14:41:23.895,DefineTimerFcns,772: 'Error'   timer function:	ep_TimerFcn_Error	(C:\gits\epsych\runtime\timerfcns\ep_TimerFcn_Error.m)

14:41:44.074,DefineTimerFcns,769: 'Start'   timer function:	ep_TimerFcn_Start_SanesLab_v2	(C:\gits\epsych\UserFiles\SanesLab\Custom_epsych_functions\TimerFcns\ep_TimerFcn_Start_SanesLab_v2.m)

14:41:44.074,DefineTimerFcns,770: 'RunTime' timer function:	ep_TimerFcn_RunTime_SanesLab_v2	(C:\gits\epsych\UserFiles\SanesLab\Custom_epsych_functions\TimerFcns\ep_TimerFcn_RunTime_SanesLab_v2.m)

14:41:44.074,DefineTimerFcns,771: 'Stop'    timer function:	ep_TimerFcn_Stop	(C:\gits\epsych\runtime\timerfcns\ep_TimerFcn_Stop.m)

14:41:44.074,DefineTimerFcns,772: 'Error'   timer function:	ep_TimerFcn_Error	(C:\gits\epsych\runtime\timerfcns\ep_TimerFcn_Error.m)

14:41:47.595,ExptDispatch,135: Experiment is not using OpenEx
14:41:48.968,PumpControl_SanesLab,46: Connected to pump.
14:41:49.016,PsychTimerStart,247: Experiment started at 12-Aug-2016 14:41
14:41:54.410,initializeCalibration_SanesLab,69: Calibration file is: rig983_Ceiling_Noise_Feb152015.cal
14:42:06.086,ExptDispatch,207: Experiment stopped at 12-Aug-2016 14:42
